[0.645s] DEBUG:colcon:Command line arguments: ['/usr/bin/colcon', 'build', '--packages-select', 'xv3cart_tester_interface', 'h6x_packet_handler']
[0.645s] DEBUG:colcon:Parsed command line arguments: Namespace(log_base=None, log_level=None, verb_name='build', build_base='build', install_base='install', merge_install=False, symlink_install=False, test_result_base=None, continue_on_error=False, executor='parallel', parallel_workers=12, event_handlers=None, ignore_user_meta=False, metas=['./colcon.meta'], base_paths=['.'], packages_ignore=None, packages_ignore_regex=None, paths=None, packages_up_to=None, packages_up_to_regex=None, packages_above=None, packages_above_and_dependencies=None, packages_above_depth=None, packages_select_by_dep=None, packages_skip_by_dep=None, packages_skip_up_to=None, packages_select_build_failed=False, packages_skip_build_finished=False, packages_select_test_failures=False, packages_skip_test_passed=False, packages_select=['xv3cart_tester_interface', 'h6x_packet_handler'], packages_skip=None, packages_select_regex=None, packages_skip_regex=None, packages_start=None, packages_end=None, allow_overriding=[], cmake_args=None, cmake_target=None, cmake_target_skip_unavailable=False, cmake_clean_cache=False, cmake_clean_first=False, cmake_force_configure=False, ament_cmake_args=None, catkin_cmake_args=None, catkin_skip_building_tests=False, mixin_files=None, mixin=None, verb_parser=<colcon_mixin.mixin.mixin_argument.MixinArgumentDecorator object at 0x7f957bd42650>, verb_extension=<colcon_core.verb.build.BuildVerb object at 0x7f957bd41de0>, main=<bound method BuildVerb.main of <colcon_core.verb.build.BuildVerb object at 0x7f957bd41de0>>, mixin_verb=('build',))
[1.010s] Level 1:colcon.colcon_core.package_discovery:discover_packages(colcon_meta) check parameters
[1.011s] Level 1:colcon.colcon_core.package_discovery:discover_packages(recursive) check parameters
[1.012s] Level 1:colcon.colcon_core.package_discovery:discover_packages(ignore) check parameters
[1.012s] Level 1:colcon.colcon_core.package_discovery:discover_packages(path) check parameters
[1.013s] Level 1:colcon.colcon_core.package_discovery:discover_packages(colcon_meta) discover
[1.013s] Level 1:colcon.colcon_core.package_discovery:discover_packages(recursive) discover
[1.014s] INFO:colcon.colcon_core.package_discovery:Crawling recursively for packages in '/mnt/c/Users/niino/Desktop/M1/HarvestX/test2/test2'
[1.017s] Level 1:colcon.colcon_core.package_identification:_identify(.) by extensions ['ignore', 'ignore_ament_install']
[1.018s] Level 1:colcon.colcon_core.package_identification:_identify(.) by extension 'ignore'
[1.019s] Level 1:colcon.colcon_core.package_identification:_identify(.) by extension 'ignore_ament_install'
[1.021s] Level 1:colcon.colcon_core.package_identification:_identify(.) by extensions ['colcon_pkg']
[1.021s] Level 1:colcon.colcon_core.package_identification:_identify(.) by extension 'colcon_pkg'
[1.022s] Level 1:colcon.colcon_core.package_identification:_identify(.) by extensions ['colcon_meta']
[1.023s] Level 1:colcon.colcon_core.package_identification:_identify(.) by extension 'colcon_meta'
[1.023s] Level 1:colcon.colcon_core.package_identification:_identify(.) by extensions ['ros']
[1.024s] Level 1:colcon.colcon_core.package_identification:_identify(.) by extension 'ros'
[1.045s] Level 1:colcon.colcon_core.package_identification:_identify(.) by extensions ['cmake', 'python']
[1.045s] Level 1:colcon.colcon_core.package_identification:_identify(.) by extension 'cmake'
[1.046s] Level 1:colcon.colcon_core.package_identification:_identify(.) by extension 'python'
[1.047s] Level 1:colcon.colcon_core.package_identification:_identify(.) by extensions ['python_setup_py']
[1.047s] Level 1:colcon.colcon_core.package_identification:_identify(.) by extension 'python_setup_py'
[1.053s] Level 1:colcon.colcon_core.package_identification:_identify(build) by extensions ['ignore', 'ignore_ament_install']
[1.054s] Level 1:colcon.colcon_core.package_identification:_identify(build) by extension 'ignore'
[1.057s] Level 1:colcon.colcon_core.package_identification:_identify(build) ignored
[1.063s] Level 1:colcon.colcon_core.package_identification:_identify(install) by extensions ['ignore', 'ignore_ament_install']
[1.063s] Level 1:colcon.colcon_core.package_identification:_identify(install) by extension 'ignore'
[1.067s] Level 1:colcon.colcon_core.package_identification:_identify(install) ignored
[1.078s] Level 1:colcon.colcon_core.package_identification:_identify(log) by extensions ['ignore', 'ignore_ament_install']
[1.079s] Level 1:colcon.colcon_core.package_identification:_identify(log) by extension 'ignore'
[1.081s] Level 1:colcon.colcon_core.package_identification:_identify(log) ignored
[1.087s] Level 1:colcon.colcon_core.package_identification:_identify(src) by extensions ['ignore', 'ignore_ament_install']
[1.088s] Level 1:colcon.colcon_core.package_identification:_identify(src) by extension 'ignore'
[1.090s] Level 1:colcon.colcon_core.package_identification:_identify(src) by extension 'ignore_ament_install'
[1.094s] Level 1:colcon.colcon_core.package_identification:_identify(src) by extensions ['colcon_pkg']
[1.094s] Level 1:colcon.colcon_core.package_identification:_identify(src) by extension 'colcon_pkg'
[1.096s] Level 1:colcon.colcon_core.package_identification:_identify(src) by extensions ['colcon_meta']
[1.097s] Level 1:colcon.colcon_core.package_identification:_identify(src) by extension 'colcon_meta'
[1.099s] Level 1:colcon.colcon_core.package_identification:_identify(src) by extensions ['ros']
[1.099s] Level 1:colcon.colcon_core.package_identification:_identify(src) by extension 'ros'
[1.107s] Level 1:colcon.colcon_core.package_identification:_identify(src) by extensions ['cmake', 'python']
[1.107s] Level 1:colcon.colcon_core.package_identification:_identify(src) by extension 'cmake'
[1.109s] Level 1:colcon.colcon_core.package_identification:_identify(src) by extension 'python'
[1.111s] Level 1:colcon.colcon_core.package_identification:_identify(src) by extensions ['python_setup_py']
[1.111s] Level 1:colcon.colcon_core.package_identification:_identify(src) by extension 'python_setup_py'
[1.123s] Level 1:colcon.colcon_core.package_identification:_identify(src/h6x_firmware_tools) by extensions ['ignore', 'ignore_ament_install']
[1.124s] Level 1:colcon.colcon_core.package_identification:_identify(src/h6x_firmware_tools) by extension 'ignore'
[1.127s] Level 1:colcon.colcon_core.package_identification:_identify(src/h6x_firmware_tools) by extension 'ignore_ament_install'
[1.133s] Level 1:colcon.colcon_core.package_identification:_identify(src/h6x_firmware_tools) by extensions ['colcon_pkg']
[1.134s] Level 1:colcon.colcon_core.package_identification:_identify(src/h6x_firmware_tools) by extension 'colcon_pkg'
[1.137s] Level 1:colcon.colcon_core.package_identification:_identify(src/h6x_firmware_tools) by extensions ['colcon_meta']
[1.137s] Level 1:colcon.colcon_core.package_identification:_identify(src/h6x_firmware_tools) by extension 'colcon_meta'
[1.142s] Level 1:colcon.colcon_core.package_identification:_identify(src/h6x_firmware_tools) by extensions ['ros']
[1.143s] Level 1:colcon.colcon_core.package_identification:_identify(src/h6x_firmware_tools) by extension 'ros'
[1.157s] Level 1:colcon.colcon_core.package_identification:_identify(src/h6x_firmware_tools) by extensions ['cmake', 'python']
[1.157s] Level 1:colcon.colcon_core.package_identification:_identify(src/h6x_firmware_tools) by extension 'cmake'
[1.160s] Level 1:colcon.colcon_core.package_identification:_identify(src/h6x_firmware_tools) by extension 'python'
[1.163s] Level 1:colcon.colcon_core.package_identification:_identify(src/h6x_firmware_tools) by extensions ['python_setup_py']
[1.164s] Level 1:colcon.colcon_core.package_identification:_identify(src/h6x_firmware_tools) by extension 'python_setup_py'
[1.180s] Level 1:colcon.colcon_core.package_identification:_identify(src/h6x_firmware_tools/xv3cart_firmware_mock) by extensions ['ignore', 'ignore_ament_install']
[1.181s] Level 1:colcon.colcon_core.package_identification:_identify(src/h6x_firmware_tools/xv3cart_firmware_mock) by extension 'ignore'
[1.185s] Level 1:colcon.colcon_core.package_identification:_identify(src/h6x_firmware_tools/xv3cart_firmware_mock) by extension 'ignore_ament_install'
[1.192s] Level 1:colcon.colcon_core.package_identification:_identify(src/h6x_firmware_tools/xv3cart_firmware_mock) by extensions ['colcon_pkg']
[1.193s] Level 1:colcon.colcon_core.package_identification:_identify(src/h6x_firmware_tools/xv3cart_firmware_mock) by extension 'colcon_pkg'
[1.197s] Level 1:colcon.colcon_core.package_identification:_identify(src/h6x_firmware_tools/xv3cart_firmware_mock) by extensions ['colcon_meta']
[1.197s] Level 1:colcon.colcon_core.package_identification:_identify(src/h6x_firmware_tools/xv3cart_firmware_mock) by extension 'colcon_meta'
[1.205s] Level 1:colcon.colcon_core.package_identification:_identify(src/h6x_firmware_tools/xv3cart_firmware_mock) by extensions ['ros']
[1.205s] Level 1:colcon.colcon_core.package_identification:_identify(src/h6x_firmware_tools/xv3cart_firmware_mock) by extension 'ros'
[1.248s] DEBUG:colcon.colcon_core.package_identification:Package 'src/h6x_firmware_tools/xv3cart_firmware_mock' with type 'ros.ament_cmake' and name 'xv3cart_firmware_mock'
[1.262s] Level 1:colcon.colcon_core.package_identification:_identify(src/h6x_firmware_tools/xv3cart_packet_definition) by extensions ['ignore', 'ignore_ament_install']
[1.263s] Level 1:colcon.colcon_core.package_identification:_identify(src/h6x_firmware_tools/xv3cart_packet_definition) by extension 'ignore'
[1.267s] Level 1:colcon.colcon_core.package_identification:_identify(src/h6x_firmware_tools/xv3cart_packet_definition) by extension 'ignore_ament_install'
[1.274s] Level 1:colcon.colcon_core.package_identification:_identify(src/h6x_firmware_tools/xv3cart_packet_definition) by extensions ['colcon_pkg']
[1.274s] Level 1:colcon.colcon_core.package_identification:_identify(src/h6x_firmware_tools/xv3cart_packet_definition) by extension 'colcon_pkg'
[1.278s] Level 1:colcon.colcon_core.package_identification:_identify(src/h6x_firmware_tools/xv3cart_packet_definition) by extensions ['colcon_meta']
[1.278s] Level 1:colcon.colcon_core.package_identification:_identify(src/h6x_firmware_tools/xv3cart_packet_definition) by extension 'colcon_meta'
[1.285s] Level 1:colcon.colcon_core.package_identification:_identify(src/h6x_firmware_tools/xv3cart_packet_definition) by extensions ['ros']
[1.286s] Level 1:colcon.colcon_core.package_identification:_identify(src/h6x_firmware_tools/xv3cart_packet_definition) by extension 'ros'
[1.340s] DEBUG:colcon.colcon_core.package_identification:Package 'src/h6x_firmware_tools/xv3cart_packet_definition' with type 'ros.ament_cmake' and name 'xv3cart_packet_definition'
[1.353s] Level 1:colcon.colcon_core.package_identification:_identify(src/h6x_firmware_tools/xv3cart_tester_interface) by extensions ['ignore', 'ignore_ament_install']
[1.354s] Level 1:colcon.colcon_core.package_identification:_identify(src/h6x_firmware_tools/xv3cart_tester_interface) by extension 'ignore'
[1.358s] Level 1:colcon.colcon_core.package_identification:_identify(src/h6x_firmware_tools/xv3cart_tester_interface) by extension 'ignore_ament_install'
[1.365s] Level 1:colcon.colcon_core.package_identification:_identify(src/h6x_firmware_tools/xv3cart_tester_interface) by extensions ['colcon_pkg']
[1.366s] Level 1:colcon.colcon_core.package_identification:_identify(src/h6x_firmware_tools/xv3cart_tester_interface) by extension 'colcon_pkg'
[1.369s] Level 1:colcon.colcon_core.package_identification:_identify(src/h6x_firmware_tools/xv3cart_tester_interface) by extensions ['colcon_meta']
[1.370s] Level 1:colcon.colcon_core.package_identification:_identify(src/h6x_firmware_tools/xv3cart_tester_interface) by extension 'colcon_meta'
[1.377s] Level 1:colcon.colcon_core.package_identification:_identify(src/h6x_firmware_tools/xv3cart_tester_interface) by extensions ['ros']
[1.378s] Level 1:colcon.colcon_core.package_identification:_identify(src/h6x_firmware_tools/xv3cart_tester_interface) by extension 'ros'
[1.416s] DEBUG:colcon.colcon_core.package_identification:Package 'src/h6x_firmware_tools/xv3cart_tester_interface' with type 'ros.ament_cmake' and name 'qt5_cart_firmware'
[1.426s] Level 1:colcon.colcon_core.package_identification:_identify(src/h6x_serial_interface) by extensions ['ignore', 'ignore_ament_install']
[1.427s] Level 1:colcon.colcon_core.package_identification:_identify(src/h6x_serial_interface) by extension 'ignore'
[1.430s] Level 1:colcon.colcon_core.package_identification:_identify(src/h6x_serial_interface) by extension 'ignore_ament_install'
[1.434s] Level 1:colcon.colcon_core.package_identification:_identify(src/h6x_serial_interface) by extensions ['colcon_pkg']
[1.435s] Level 1:colcon.colcon_core.package_identification:_identify(src/h6x_serial_interface) by extension 'colcon_pkg'
[1.437s] Level 1:colcon.colcon_core.package_identification:_identify(src/h6x_serial_interface) by extensions ['colcon_meta']
[1.438s] Level 1:colcon.colcon_core.package_identification:_identify(src/h6x_serial_interface) by extension 'colcon_meta'
[1.442s] Level 1:colcon.colcon_core.package_identification:_identify(src/h6x_serial_interface) by extensions ['ros']
[1.442s] Level 1:colcon.colcon_core.package_identification:_identify(src/h6x_serial_interface) by extension 'ros'
[1.453s] Level 1:colcon.colcon_core.package_identification:_identify(src/h6x_serial_interface) by extensions ['cmake', 'python']
[1.453s] Level 1:colcon.colcon_core.package_identification:_identify(src/h6x_serial_interface) by extension 'cmake'
[1.455s] Level 1:colcon.colcon_core.package_identification:_identify(src/h6x_serial_interface) by extension 'python'
[1.458s] Level 1:colcon.colcon_core.package_identification:_identify(src/h6x_serial_interface) by extensions ['python_setup_py']
[1.458s] Level 1:colcon.colcon_core.package_identification:_identify(src/h6x_serial_interface) by extension 'python_setup_py'
[1.471s] Level 1:colcon.colcon_core.package_identification:_identify(src/h6x_serial_interface/h6x_packet_handler) by extensions ['ignore', 'ignore_ament_install']
[1.471s] Level 1:colcon.colcon_core.package_identification:_identify(src/h6x_serial_interface/h6x_packet_handler) by extension 'ignore'
[1.474s] Level 1:colcon.colcon_core.package_identification:_identify(src/h6x_serial_interface/h6x_packet_handler) by extension 'ignore_ament_install'
[1.480s] Level 1:colcon.colcon_core.package_identification:_identify(src/h6x_serial_interface/h6x_packet_handler) by extensions ['colcon_pkg']
[1.481s] Level 1:colcon.colcon_core.package_identification:_identify(src/h6x_serial_interface/h6x_packet_handler) by extension 'colcon_pkg'
[1.484s] Level 1:colcon.colcon_core.package_identification:_identify(src/h6x_serial_interface/h6x_packet_handler) by extensions ['colcon_meta']
[1.485s] Level 1:colcon.colcon_core.package_identification:_identify(src/h6x_serial_interface/h6x_packet_handler) by extension 'colcon_meta'
[1.491s] Level 1:colcon.colcon_core.package_identification:_identify(src/h6x_serial_interface/h6x_packet_handler) by extensions ['ros']
[1.491s] Level 1:colcon.colcon_core.package_identification:_identify(src/h6x_serial_interface/h6x_packet_handler) by extension 'ros'
[1.526s] DEBUG:colcon.colcon_core.package_identification:Package 'src/h6x_serial_interface/h6x_packet_handler' with type 'ros.ament_cmake' and name 'h6x_packet_handler'
[1.541s] Level 1:colcon.colcon_core.package_identification:_identify(src/h6x_serial_interface/h6x_serial_interface) by extensions ['ignore', 'ignore_ament_install']
[1.541s] Level 1:colcon.colcon_core.package_identification:_identify(src/h6x_serial_interface/h6x_serial_interface) by extension 'ignore'
[1.545s] Level 1:colcon.colcon_core.package_identification:_identify(src/h6x_serial_interface/h6x_serial_interface) by extension 'ignore_ament_install'
[1.552s] Level 1:colcon.colcon_core.package_identification:_identify(src/h6x_serial_interface/h6x_serial_interface) by extensions ['colcon_pkg']
[1.552s] Level 1:colcon.colcon_core.package_identification:_identify(src/h6x_serial_interface/h6x_serial_interface) by extension 'colcon_pkg'
[1.556s] Level 1:colcon.colcon_core.package_identification:_identify(src/h6x_serial_interface/h6x_serial_interface) by extensions ['colcon_meta']
[1.556s] Level 1:colcon.colcon_core.package_identification:_identify(src/h6x_serial_interface/h6x_serial_interface) by extension 'colcon_meta'
[1.563s] Level 1:colcon.colcon_core.package_identification:_identify(src/h6x_serial_interface/h6x_serial_interface) by extensions ['ros']
[1.564s] Level 1:colcon.colcon_core.package_identification:_identify(src/h6x_serial_interface/h6x_serial_interface) by extension 'ros'
[1.599s] DEBUG:colcon.colcon_core.package_identification:Package 'src/h6x_serial_interface/h6x_serial_interface' with type 'ros.ament_cmake' and name 'h6x_serial_interface'
[1.612s] Level 1:colcon.colcon_core.package_identification:_identify(src/h6x_serial_interface/h6x_serial_interface_example) by extensions ['ignore', 'ignore_ament_install']
[1.613s] Level 1:colcon.colcon_core.package_identification:_identify(src/h6x_serial_interface/h6x_serial_interface_example) by extension 'ignore'
[1.617s] Level 1:colcon.colcon_core.package_identification:_identify(src/h6x_serial_interface/h6x_serial_interface_example) by extension 'ignore_ament_install'
[1.623s] Level 1:colcon.colcon_core.package_identification:_identify(src/h6x_serial_interface/h6x_serial_interface_example) by extensions ['colcon_pkg']
[1.623s] Level 1:colcon.colcon_core.package_identification:_identify(src/h6x_serial_interface/h6x_serial_interface_example) by extension 'colcon_pkg'
[1.626s] Level 1:colcon.colcon_core.package_identification:_identify(src/h6x_serial_interface/h6x_serial_interface_example) by extensions ['colcon_meta']
[1.627s] Level 1:colcon.colcon_core.package_identification:_identify(src/h6x_serial_interface/h6x_serial_interface_example) by extension 'colcon_meta'
[1.633s] Level 1:colcon.colcon_core.package_identification:_identify(src/h6x_serial_interface/h6x_serial_interface_example) by extensions ['ros']
[1.634s] Level 1:colcon.colcon_core.package_identification:_identify(src/h6x_serial_interface/h6x_serial_interface_example) by extension 'ros'
[1.669s] DEBUG:colcon.colcon_core.package_identification:Package 'src/h6x_serial_interface/h6x_serial_interface_example' with type 'ros.ament_cmake' and name 'h6x_serial_interface_example'
[1.670s] Level 1:colcon.colcon_core.package_discovery:discover_packages(recursive) using defaults
[1.670s] Level 1:colcon.colcon_core.package_discovery:discover_packages(ignore) discover
[1.670s] Level 1:colcon.colcon_core.package_discovery:discover_packages(ignore) using defaults
[1.671s] Level 1:colcon.colcon_core.package_discovery:discover_packages(path) discover
[1.671s] Level 1:colcon.colcon_core.package_discovery:discover_packages(path) using defaults
[1.672s] WARNING:colcon.colcon_core.package_selection:ignoring unknown package 'xv3cart_tester_interface' in --packages-select
[1.764s] INFO:colcon.colcon_core.package_selection:Skipping not selected package 'h6x_serial_interface' in 'src/h6x_serial_interface/h6x_serial_interface'
[1.764s] INFO:colcon.colcon_core.package_selection:Skipping not selected package 'qt5_cart_firmware' in 'src/h6x_firmware_tools/xv3cart_tester_interface'
[1.765s] INFO:colcon.colcon_core.package_selection:Skipping not selected package 'xv3cart_packet_definition' in 'src/h6x_firmware_tools/xv3cart_packet_definition'
[1.765s] INFO:colcon.colcon_core.package_selection:Skipping not selected package 'h6x_serial_interface_example' in 'src/h6x_serial_interface/h6x_serial_interface_example'
[1.765s] INFO:colcon.colcon_core.package_selection:Skipping not selected package 'xv3cart_firmware_mock' in 'src/h6x_firmware_tools/xv3cart_firmware_mock'
[1.766s] Level 1:colcon.colcon_core.package_discovery:discover_packages(prefix_path) check parameters
[1.767s] Level 1:colcon.colcon_core.package_discovery:discover_packages(prefix_path) discover
[1.772s] WARNING:colcon.colcon_ros.prefix_path.ament:The path '/mnt/c/Users/niino/Desktop/M1/HarvestX/ws_firmware_tools/install/xv3cart_firmware_mock' in the environment variable AMENT_PREFIX_PATH doesn't exist
[1.814s] WARNING:colcon.colcon_ros.prefix_path.ament:The path '/mnt/c/Users/niino/Desktop/M1/HarvestX/ws_firmware_tools/install/h6x_serial_interface_example' in the environment variable AMENT_PREFIX_PATH doesn't exist
[1.846s] WARNING:colcon.colcon_ros.prefix_path.ament:The path '/mnt/c/Users/niino/Desktop/M1/HarvestX/tmp_cart_firmware/install/xv3cart_tester_interface' in the environment variable AMENT_PREFIX_PATH doesn't exist
[1.848s] WARNING:colcon.colcon_ros.prefix_path.ament:The path '/mnt/c/Users/niino/Desktop/M1/HarvestX/tmp_cart_firmware/install/xv3cart_firmware_mock' in the environment variable AMENT_PREFIX_PATH doesn't exist
[1.864s] WARNING:colcon.colcon_ros.prefix_path.ament:The path '/mnt/c/Users/niino/Desktop/M1/HarvestX/tmp_cart_firmware/install/h6x_serial_interface_example' in the environment variable AMENT_PREFIX_PATH doesn't exist
[1.894s] WARNING:colcon.colcon_ros.prefix_path.catkin:The path '/mnt/c/Users/niino/Desktop/M1/HarvestX/ws_firmware_tools/install/xv3cart_firmware_mock' in the environment variable CMAKE_PREFIX_PATH doesn't exist
[1.908s] WARNING:colcon.colcon_ros.prefix_path.catkin:The path '/mnt/c/Users/niino/Desktop/M1/HarvestX/ws_firmware_tools/install/h6x_serial_interface_example' in the environment variable CMAKE_PREFIX_PATH doesn't exist
[1.920s] WARNING:colcon.colcon_ros.prefix_path.catkin:The path '/mnt/c/Users/niino/Desktop/M1/HarvestX/tmp_cart_firmware/install/xv3cart_tester_interface' in the environment variable CMAKE_PREFIX_PATH doesn't exist
[1.922s] WARNING:colcon.colcon_ros.prefix_path.catkin:The path '/mnt/c/Users/niino/Desktop/M1/HarvestX/tmp_cart_firmware/install/xv3cart_firmware_mock' in the environment variable CMAKE_PREFIX_PATH doesn't exist
[1.929s] WARNING:colcon.colcon_ros.prefix_path.catkin:The path '/mnt/c/Users/niino/Desktop/M1/HarvestX/tmp_cart_firmware/install/h6x_serial_interface_example' in the environment variable CMAKE_PREFIX_PATH doesn't exist
[2.043s] DEBUG:colcon.colcon_installed_package_information.package_discovery:Found 4 installed packages in /mnt/c/Users/niino/Desktop/M1/HarvestX/ws_firmware_tools/install
[2.141s] DEBUG:colcon.colcon_installed_package_information.package_discovery:Found 4 installed packages in /mnt/c/Users/niino/Desktop/M1/HarvestX/tmp_cart_firmware/install
[2.207s] DEBUG:colcon.colcon_installed_package_information.package_discovery:Found 270 installed packages in /opt/ros/humble
[2.209s] Level 1:colcon.colcon_core.package_discovery:discover_packages(prefix_path) using defaults
[2.460s] Level 5:colcon.colcon_core.verb:set package 'h6x_packet_handler' build argument 'cmake_args' from command line to 'None'
[2.461s] Level 5:colcon.colcon_core.verb:set package 'h6x_packet_handler' build argument 'cmake_target' from command line to 'None'
[2.461s] Level 5:colcon.colcon_core.verb:set package 'h6x_packet_handler' build argument 'cmake_target_skip_unavailable' from command line to 'False'
[2.462s] Level 5:colcon.colcon_core.verb:set package 'h6x_packet_handler' build argument 'cmake_clean_cache' from command line to 'False'
[2.462s] Level 5:colcon.colcon_core.verb:set package 'h6x_packet_handler' build argument 'cmake_clean_first' from command line to 'False'
[2.463s] Level 5:colcon.colcon_core.verb:set package 'h6x_packet_handler' build argument 'cmake_force_configure' from command line to 'False'
[2.463s] Level 5:colcon.colcon_core.verb:set package 'h6x_packet_handler' build argument 'ament_cmake_args' from command line to 'None'
[2.464s] Level 5:colcon.colcon_core.verb:set package 'h6x_packet_handler' build argument 'catkin_cmake_args' from command line to 'None'
[2.464s] Level 5:colcon.colcon_core.verb:set package 'h6x_packet_handler' build argument 'catkin_skip_building_tests' from command line to 'False'
[2.465s] DEBUG:colcon.colcon_core.verb:Building package 'h6x_packet_handler' with the following arguments: {'ament_cmake_args': None, 'build_base': '/mnt/c/Users/niino/Desktop/M1/HarvestX/test2/test2/build/h6x_packet_handler', 'catkin_cmake_args': None, 'catkin_skip_building_tests': False, 'cmake_args': None, 'cmake_clean_cache': False, 'cmake_clean_first': False, 'cmake_force_configure': False, 'cmake_target': None, 'cmake_target_skip_unavailable': False, 'install_base': '/mnt/c/Users/niino/Desktop/M1/HarvestX/test2/test2/install/h6x_packet_handler', 'merge_install': False, 'path': '/mnt/c/Users/niino/Desktop/M1/HarvestX/test2/test2/src/h6x_serial_interface/h6x_packet_handler', 'symlink_install': False, 'test_result_base': None}
[2.465s] INFO:colcon.colcon_core.executor:Executing jobs using 'parallel' executor
[2.468s] DEBUG:colcon.colcon_parallel_executor.executor.parallel:run_until_complete
[2.469s] INFO:colcon.colcon_ros.task.ament_cmake.build:Building ROS package in '/mnt/c/Users/niino/Desktop/M1/HarvestX/test2/test2/src/h6x_serial_interface/h6x_packet_handler' with build type 'ament_cmake'
[2.469s] INFO:colcon.colcon_cmake.task.cmake.build:Building CMake package in '/mnt/c/Users/niino/Desktop/M1/HarvestX/test2/test2/src/h6x_serial_interface/h6x_packet_handler'
[2.477s] INFO:colcon.colcon_core.plugin_system:Skipping extension 'colcon_core.shell.bat': Not used on non-Windows systems
[2.478s] INFO:colcon.colcon_core.shell:Skip shell extension 'powershell' for command environment: Not usable outside of PowerShell
[2.478s] DEBUG:colcon.colcon_core.shell:Skip shell extension 'dsv' for command environment
[3.343s] DEBUG:colcon.colcon_core.event_handler.log_command:Invoking command in '/mnt/c/Users/niino/Desktop/M1/HarvestX/test2/test2/build/h6x_packet_handler': CMAKE_PREFIX_PATH=${CMAKE_PREFIX_PATH}:/opt/ros/humble /usr/bin/cmake /mnt/c/Users/niino/Desktop/M1/HarvestX/test2/test2/src/h6x_serial_interface/h6x_packet_handler -DCMAKE_INSTALL_PREFIX=/mnt/c/Users/niino/Desktop/M1/HarvestX/test2/test2/install/h6x_packet_handler
[76.171s] DEBUG:colcon.colcon_core.event_handler.log_command:Invoked command in '/mnt/c/Users/niino/Desktop/M1/HarvestX/test2/test2/build/h6x_packet_handler' returned '0': CMAKE_PREFIX_PATH=${CMAKE_PREFIX_PATH}:/opt/ros/humble /usr/bin/cmake /mnt/c/Users/niino/Desktop/M1/HarvestX/test2/test2/src/h6x_serial_interface/h6x_packet_handler -DCMAKE_INSTALL_PREFIX=/mnt/c/Users/niino/Desktop/M1/HarvestX/test2/test2/install/h6x_packet_handler
[76.204s] DEBUG:colcon.colcon_core.event_handler.log_command:Invoking command in '/mnt/c/Users/niino/Desktop/M1/HarvestX/test2/test2/build/h6x_packet_handler': CMAKE_PREFIX_PATH=${CMAKE_PREFIX_PATH}:/opt/ros/humble /usr/bin/cmake --build /mnt/c/Users/niino/Desktop/M1/HarvestX/test2/test2/build/h6x_packet_handler -- -j12 -l12
[122.187s] DEBUG:colcon.colcon_core.event_handler.log_command:Invoked command in '/mnt/c/Users/niino/Desktop/M1/HarvestX/test2/test2/build/h6x_packet_handler' returned '0': CMAKE_PREFIX_PATH=${CMAKE_PREFIX_PATH}:/opt/ros/humble /usr/bin/cmake --build /mnt/c/Users/niino/Desktop/M1/HarvestX/test2/test2/build/h6x_packet_handler -- -j12 -l12
[133.420s] DEBUG:colcon.colcon_core.event_handler.log_command:Invoking command in '/mnt/c/Users/niino/Desktop/M1/HarvestX/test2/test2/build/h6x_packet_handler': CMAKE_PREFIX_PATH=${CMAKE_PREFIX_PATH}:/opt/ros/humble /usr/bin/cmake --install /mnt/c/Users/niino/Desktop/M1/HarvestX/test2/test2/build/h6x_packet_handler
[146.231s] Level 1:colcon.colcon_core.environment:create_environment_scripts_only(h6x_packet_handler)
[146.238s] DEBUG:colcon.colcon_core.event_handler.log_command:Invoked command in '/mnt/c/Users/niino/Desktop/M1/HarvestX/test2/test2/build/h6x_packet_handler' returned '0': CMAKE_PREFIX_PATH=${CMAKE_PREFIX_PATH}:/opt/ros/humble /usr/bin/cmake --install /mnt/c/Users/niino/Desktop/M1/HarvestX/test2/test2/build/h6x_packet_handler
[146.242s] Level 1:colcon.colcon_core.environment:checking '/mnt/c/Users/niino/Desktop/M1/HarvestX/test2/test2/install/h6x_packet_handler' for CMake module files
[146.645s] Level 1:colcon.colcon_core.environment:checking '/mnt/c/Users/niino/Desktop/M1/HarvestX/test2/test2/install/h6x_packet_handler' for CMake config files
[146.954s] Level 1:colcon.colcon_core.shell:create_environment_hook('h6x_packet_handler', 'cmake_prefix_path')
[146.956s] INFO:colcon.colcon_core.shell:Creating environment hook '/mnt/c/Users/niino/Desktop/M1/HarvestX/test2/test2/install/h6x_packet_handler/share/h6x_packet_handler/hook/cmake_prefix_path.ps1'
[147.027s] INFO:colcon.colcon_core.shell:Creating environment descriptor '/mnt/c/Users/niino/Desktop/M1/HarvestX/test2/test2/install/h6x_packet_handler/share/h6x_packet_handler/hook/cmake_prefix_path.dsv'
[147.119s] INFO:colcon.colcon_core.shell:Creating environment hook '/mnt/c/Users/niino/Desktop/M1/HarvestX/test2/test2/install/h6x_packet_handler/share/h6x_packet_handler/hook/cmake_prefix_path.sh'
[147.224s] Level 1:colcon.colcon_core.environment:checking '/mnt/c/Users/niino/Desktop/M1/HarvestX/test2/test2/install/h6x_packet_handler/lib'
[147.251s] Level 1:colcon.colcon_core.shell:create_environment_hook('h6x_packet_handler', 'ld_library_path_lib')
[147.253s] INFO:colcon.colcon_core.shell:Creating environment hook '/mnt/c/Users/niino/Desktop/M1/HarvestX/test2/test2/install/h6x_packet_handler/share/h6x_packet_handler/hook/ld_library_path_lib.ps1'
[147.332s] INFO:colcon.colcon_core.shell:Creating environment descriptor '/mnt/c/Users/niino/Desktop/M1/HarvestX/test2/test2/install/h6x_packet_handler/share/h6x_packet_handler/hook/ld_library_path_lib.dsv'
[147.410s] INFO:colcon.colcon_core.shell:Creating environment hook '/mnt/c/Users/niino/Desktop/M1/HarvestX/test2/test2/install/h6x_packet_handler/share/h6x_packet_handler/hook/ld_library_path_lib.sh'
[147.492s] Level 1:colcon.colcon_core.environment:checking '/mnt/c/Users/niino/Desktop/M1/HarvestX/test2/test2/install/h6x_packet_handler/bin'
[147.501s] Level 1:colcon.colcon_core.environment:checking '/mnt/c/Users/niino/Desktop/M1/HarvestX/test2/test2/install/h6x_packet_handler/lib/pkgconfig/h6x_packet_handler.pc'
[147.517s] Level 1:colcon.colcon_core.environment:checking '/mnt/c/Users/niino/Desktop/M1/HarvestX/test2/test2/install/h6x_packet_handler/lib/python3.10/site-packages'
[147.530s] Level 1:colcon.colcon_core.environment:checking '/mnt/c/Users/niino/Desktop/M1/HarvestX/test2/test2/install/h6x_packet_handler/bin'
[147.541s] INFO:colcon.colcon_core.shell:Creating package script '/mnt/c/Users/niino/Desktop/M1/HarvestX/test2/test2/install/h6x_packet_handler/share/h6x_packet_handler/package.ps1'
[147.612s] INFO:colcon.colcon_core.shell:Creating package descriptor '/mnt/c/Users/niino/Desktop/M1/HarvestX/test2/test2/install/h6x_packet_handler/share/h6x_packet_handler/package.dsv'
[147.687s] INFO:colcon.colcon_core.shell:Creating package script '/mnt/c/Users/niino/Desktop/M1/HarvestX/test2/test2/install/h6x_packet_handler/share/h6x_packet_handler/package.sh'
[147.759s] INFO:colcon.colcon_core.shell:Creating package script '/mnt/c/Users/niino/Desktop/M1/HarvestX/test2/test2/install/h6x_packet_handler/share/h6x_packet_handler/package.bash'
[147.836s] INFO:colcon.colcon_core.shell:Creating package script '/mnt/c/Users/niino/Desktop/M1/HarvestX/test2/test2/install/h6x_packet_handler/share/h6x_packet_handler/package.zsh'
[147.900s] Level 1:colcon.colcon_core.environment:create_file_with_runtime_dependencies(/mnt/c/Users/niino/Desktop/M1/HarvestX/test2/test2/install/h6x_packet_handler/share/colcon-core/packages/h6x_packet_handler)
[166.022s] Level 1:colcon.colcon_core.environment:create_environment_scripts_only(h6x_packet_handler)
[166.023s] Level 1:colcon.colcon_core.environment:checking '/mnt/c/Users/niino/Desktop/M1/HarvestX/test2/test2/install/h6x_packet_handler' for CMake module files
[166.486s] Level 1:colcon.colcon_core.environment:checking '/mnt/c/Users/niino/Desktop/M1/HarvestX/test2/test2/install/h6x_packet_handler' for CMake config files
[166.775s] Level 1:colcon.colcon_core.shell:create_environment_hook('h6x_packet_handler', 'cmake_prefix_path')
[166.777s] INFO:colcon.colcon_core.shell:Creating environment hook '/mnt/c/Users/niino/Desktop/M1/HarvestX/test2/test2/install/h6x_packet_handler/share/h6x_packet_handler/hook/cmake_prefix_path.ps1'
[166.832s] INFO:colcon.colcon_core.shell:Creating environment descriptor '/mnt/c/Users/niino/Desktop/M1/HarvestX/test2/test2/install/h6x_packet_handler/share/h6x_packet_handler/hook/cmake_prefix_path.dsv'
[166.901s] INFO:colcon.colcon_core.shell:Creating environment hook '/mnt/c/Users/niino/Desktop/M1/HarvestX/test2/test2/install/h6x_packet_handler/share/h6x_packet_handler/hook/cmake_prefix_path.sh'
[167.006s] Level 1:colcon.colcon_core.environment:checking '/mnt/c/Users/niino/Desktop/M1/HarvestX/test2/test2/install/h6x_packet_handler/lib'
[167.035s] Level 1:colcon.colcon_core.shell:create_environment_hook('h6x_packet_handler', 'ld_library_path_lib')
[167.036s] INFO:colcon.colcon_core.shell:Creating environment hook '/mnt/c/Users/niino/Desktop/M1/HarvestX/test2/test2/install/h6x_packet_handler/share/h6x_packet_handler/hook/ld_library_path_lib.ps1'
[167.127s] INFO:colcon.colcon_core.shell:Creating environment descriptor '/mnt/c/Users/niino/Desktop/M1/HarvestX/test2/test2/install/h6x_packet_handler/share/h6x_packet_handler/hook/ld_library_path_lib.dsv'
[167.221s] INFO:colcon.colcon_core.shell:Creating environment hook '/mnt/c/Users/niino/Desktop/M1/HarvestX/test2/test2/install/h6x_packet_handler/share/h6x_packet_handler/hook/ld_library_path_lib.sh'
[167.312s] Level 1:colcon.colcon_core.environment:checking '/mnt/c/Users/niino/Desktop/M1/HarvestX/test2/test2/install/h6x_packet_handler/bin'
[167.319s] Level 1:colcon.colcon_core.environment:checking '/mnt/c/Users/niino/Desktop/M1/HarvestX/test2/test2/install/h6x_packet_handler/lib/pkgconfig/h6x_packet_handler.pc'
[167.330s] Level 1:colcon.colcon_core.environment:checking '/mnt/c/Users/niino/Desktop/M1/HarvestX/test2/test2/install/h6x_packet_handler/lib/python3.10/site-packages'
[167.340s] Level 1:colcon.colcon_core.environment:checking '/mnt/c/Users/niino/Desktop/M1/HarvestX/test2/test2/install/h6x_packet_handler/bin'
[167.348s] INFO:colcon.colcon_core.shell:Creating package script '/mnt/c/Users/niino/Desktop/M1/HarvestX/test2/test2/install/h6x_packet_handler/share/h6x_packet_handler/package.ps1'
[167.417s] INFO:colcon.colcon_core.shell:Creating package descriptor '/mnt/c/Users/niino/Desktop/M1/HarvestX/test2/test2/install/h6x_packet_handler/share/h6x_packet_handler/package.dsv'
[167.476s] INFO:colcon.colcon_core.shell:Creating package script '/mnt/c/Users/niino/Desktop/M1/HarvestX/test2/test2/install/h6x_packet_handler/share/h6x_packet_handler/package.sh'
[167.535s] INFO:colcon.colcon_core.shell:Creating package script '/mnt/c/Users/niino/Desktop/M1/HarvestX/test2/test2/install/h6x_packet_handler/share/h6x_packet_handler/package.bash'
[167.595s] INFO:colcon.colcon_core.shell:Creating package script '/mnt/c/Users/niino/Desktop/M1/HarvestX/test2/test2/install/h6x_packet_handler/share/h6x_packet_handler/package.zsh'
[167.652s] Level 1:colcon.colcon_core.environment:create_file_with_runtime_dependencies(/mnt/c/Users/niino/Desktop/M1/HarvestX/test2/test2/install/h6x_packet_handler/share/colcon-core/packages/h6x_packet_handler)
[167.697s] DEBUG:colcon.colcon_parallel_executor.executor.parallel:closing loop
[167.698s] DEBUG:colcon.colcon_parallel_executor.executor.parallel:loop closed
[167.699s] DEBUG:colcon.colcon_parallel_executor.executor.parallel:run_until_complete finished with '0'
[167.700s] DEBUG:colcon.colcon_core.event_reactor:joining thread
[168.292s] INFO:colcon.colcon_core.plugin_system:Skipping extension 'colcon_notification.desktop_notification.notify_send': Could not find 'notify-send'
[168.293s] INFO:colcon.colcon_core.plugin_system:Skipping extension 'colcon_notification.desktop_notification.terminal_notifier': Not used on non-Darwin systems
[168.294s] INFO:colcon.colcon_core.plugin_system:Skipping extension 'colcon_notification.desktop_notification.win32': Not used on non-Windows systems
[168.295s] INFO:colcon.colcon_notification.desktop_notification:Sending desktop notification using 'notify2'
[169.125s] DEBUG:colcon.colcon_notification.desktop_notification.notify2:Failed to initialize notify2: org.freedesktop.DBus.Error.ServiceUnknown: The name org.freedesktop.Notifications was not provided by any .service files
[169.125s] DEBUG:colcon.colcon_core.event_reactor:joined thread
[169.127s] INFO:colcon.colcon_core.shell:Creating prefix script '/mnt/c/Users/niino/Desktop/M1/HarvestX/test2/test2/install/local_setup.ps1'
[169.148s] INFO:colcon.colcon_core.shell:Creating prefix util module '/mnt/c/Users/niino/Desktop/M1/HarvestX/test2/test2/install/_local_setup_util_ps1.py'
[169.171s] INFO:colcon.colcon_core.shell:Creating prefix chain script '/mnt/c/Users/niino/Desktop/M1/HarvestX/test2/test2/install/setup.ps1'
[169.402s] INFO:colcon.colcon_core.shell:Creating prefix script '/mnt/c/Users/niino/Desktop/M1/HarvestX/test2/test2/install/local_setup.sh'
[169.423s] INFO:colcon.colcon_core.shell:Creating prefix util module '/mnt/c/Users/niino/Desktop/M1/HarvestX/test2/test2/install/_local_setup_util_sh.py'
[169.443s] INFO:colcon.colcon_core.shell:Creating prefix chain script '/mnt/c/Users/niino/Desktop/M1/HarvestX/test2/test2/install/setup.sh'
[169.699s] INFO:colcon.colcon_core.shell:Creating prefix script '/mnt/c/Users/niino/Desktop/M1/HarvestX/test2/test2/install/local_setup.bash'
[169.720s] INFO:colcon.colcon_core.shell:Creating prefix chain script '/mnt/c/Users/niino/Desktop/M1/HarvestX/test2/test2/install/setup.bash'
[169.997s] INFO:colcon.colcon_core.shell:Creating prefix script '/mnt/c/Users/niino/Desktop/M1/HarvestX/test2/test2/install/local_setup.zsh'
[170.018s] INFO:colcon.colcon_core.shell:Creating prefix chain script '/mnt/c/Users/niino/Desktop/M1/HarvestX/test2/test2/install/setup.zsh'
