[0.867s] Invoking command in '/mnt/c/Users/niino/Desktop/M1/HarvestX/test2/test2/build/h6x_packet_handler': CMAKE_PREFIX_PATH=${CMAKE_PREFIX_PATH}:/opt/ros/humble /usr/bin/cmake /mnt/c/Users/niino/Desktop/M1/HarvestX/test2/test2/src/h6x_serial_interface/h6x_packet_handler -DCMAKE_INSTALL_PREFIX=/mnt/c/Users/niino/Desktop/M1/HarvestX/test2/test2/install/h6x_packet_handler
[6.228s] -- The C compiler identification is GNU 11.4.0
[10.566s] -- The CXX compiler identification is GNU 11.4.0
[12.626s] -- Detecting C compiler ABI info
[20.950s] -- Detecting C compiler ABI info - done
[21.010s] -- Check for working C compiler: /usr/bin/cc - skipped
[21.012s] -- Detecting C compile features
[21.015s] -- Detecting C compile features - done
[21.171s] -- Detecting CXX compiler ABI info
[28.978s] -- Detecting CXX compiler ABI info - done
[29.035s] -- Check for working CXX compiler: /usr/bin/c++ - skipped
[29.037s] -- Detecting CXX compile features
[29.039s] -- Detecting CXX compile features - done
[29.863s] -- Found ament_cmake_auto: 1.3.10 (/opt/ros/humble/share/ament_cmake_auto/cmake)
[35.526s] -- Found Python3: /usr/bin/python3 (found version "3.10.12") found components: Interpreter 
[46.037s] -- Found ament_lint_auto: 0.12.11 (/opt/ros/humble/share/ament_lint_auto/cmake)
[61.411s] -- Found gmock sources under '/opt/ros/humble/src/gmock_vendor': C++ tests using 'Google Mock' will be built
[62.143s] -- Found gtest sources under '/opt/ros/humble/src/gtest_vendor': C++ tests using 'Google Test' will be built
[65.713s] -- Added test 'cppcheck' to perform static code analysis on C / C++ code
[65.715s] -- Configured cppcheck include dirs: /mnt/c/Users/niino/Desktop/M1/HarvestX/test2/test2/src/h6x_serial_interface/h6x_packet_handler/include
[65.717s] -- Configured cppcheck exclude dirs and/or files: 
[68.075s] -- Added test 'cpplint' to check C / C++ code against the Google style
[68.078s] -- Configured cpplint exclude dirs and/or files: 
[69.318s] -- Added test 'lint_cmake' to check CMake code style
[70.041s] -- Added test 'xmllint' to check XML markup files
[70.942s] -- Configuring done
[73.234s] -- Generating done
[73.682s] -- Build files have been written to: /mnt/c/Users/niino/Desktop/M1/HarvestX/test2/test2/build/h6x_packet_handler
[73.693s] Invoked command in '/mnt/c/Users/niino/Desktop/M1/HarvestX/test2/test2/build/h6x_packet_handler' returned '0': CMAKE_PREFIX_PATH=${CMAKE_PREFIX_PATH}:/opt/ros/humble /usr/bin/cmake /mnt/c/Users/niino/Desktop/M1/HarvestX/test2/test2/src/h6x_serial_interface/h6x_packet_handler -DCMAKE_INSTALL_PREFIX=/mnt/c/Users/niino/Desktop/M1/HarvestX/test2/test2/install/h6x_packet_handler
[73.727s] Invoking command in '/mnt/c/Users/niino/Desktop/M1/HarvestX/test2/test2/build/h6x_packet_handler': CMAKE_PREFIX_PATH=${CMAKE_PREFIX_PATH}:/opt/ros/humble /usr/bin/cmake --build /mnt/c/Users/niino/Desktop/M1/HarvestX/test2/test2/build/h6x_packet_handler -- -j12 -l12
[79.973s] [  8%] [32mBuilding CXX object gmock/CMakeFiles/gmock_main.dir/src/gmock_main.cc.o[0m
[80.032s] [ 16%] [32mBuilding CXX object CMakeFiles/h6x_packet_handler.dir/src/crc_handler.cpp.o[0m
[80.391s] [ 25%] [32mBuilding CXX object CMakeFiles/h6x_packet_handler.dir/src/hex_handler.cpp.o[0m
[80.488s] [ 33%] [32mBuilding CXX object gmock/CMakeFiles/gmock.dir/opt/ros/humble/src/gtest_vendor/src/gtest-all.cc.o[0m
[80.585s] [ 41%] [32mBuilding CXX object gmock/CMakeFiles/gmock.dir/src/gmock-all.cc.o[0m
[83.863s] [ 50%] [32m[1mLinking CXX shared library libh6x_packet_handler.so[0m
[86.263s] [ 58%] [32m[1mLinking CXX static library libgmock_main.a[0m
[88.335s] [ 58%] Built target h6x_packet_handler
[92.080s] [ 58%] Built target gmock_main
[92.720s] [ 66%] [32m[1mLinking CXX static library libgmock.a[0m
[99.387s] [ 66%] Built target gmock
[101.334s] [ 75%] [32mBuilding CXX object CMakeFiles/test_crc_handler.dir/test/src/test_crc_handler.cpp.o[0m
[101.370s] [ 83%] [32mBuilding CXX object CMakeFiles/test_hex_handler.dir/test/src/test_hex_handler.cpp.o[0m
[106.666s] [ 91%] [32m[1mLinking CXX executable test_crc_handler[0m
[109.328s] [100%] [32m[1mLinking CXX executable test_hex_handler[0m
[116.703s] [100%] Built target test_crc_handler
[118.775s] [100%] Built target test_hex_handler
[119.710s] Invoked command in '/mnt/c/Users/niino/Desktop/M1/HarvestX/test2/test2/build/h6x_packet_handler' returned '0': CMAKE_PREFIX_PATH=${CMAKE_PREFIX_PATH}:/opt/ros/humble /usr/bin/cmake --build /mnt/c/Users/niino/Desktop/M1/HarvestX/test2/test2/build/h6x_packet_handler -- -j12 -l12
[130.943s] Invoking command in '/mnt/c/Users/niino/Desktop/M1/HarvestX/test2/test2/build/h6x_packet_handler': CMAKE_PREFIX_PATH=${CMAKE_PREFIX_PATH}:/opt/ros/humble /usr/bin/cmake --install /mnt/c/Users/niino/Desktop/M1/HarvestX/test2/test2/build/h6x_packet_handler
[131.912s] -- Install configuration: ""
[131.936s] -- Installing: /mnt/c/Users/niino/Desktop/M1/HarvestX/test2/test2/install/h6x_packet_handler/include
[132.002s] -- Installing: /mnt/c/Users/niino/Desktop/M1/HarvestX/test2/test2/install/h6x_packet_handler/include/h6x_packet_handler
[132.122s] -- Installing: /mnt/c/Users/niino/Desktop/M1/HarvestX/test2/test2/install/h6x_packet_handler/include/h6x_packet_handler/crc_handler.hpp
[132.517s] -- Installing: /mnt/c/Users/niino/Desktop/M1/HarvestX/test2/test2/install/h6x_packet_handler/include/h6x_packet_handler/hex_handler.hpp
[132.980s] -- Installing: /mnt/c/Users/niino/Desktop/M1/HarvestX/test2/test2/install/h6x_packet_handler/include/h6x_packet_handler/packet_state_base.hpp
[133.375s] -- Installing: /mnt/c/Users/niino/Desktop/M1/HarvestX/test2/test2/install/h6x_packet_handler/include/h6x_packet_handler/rx_ascii_packet.hpp
[133.895s] -- Installing: /mnt/c/Users/niino/Desktop/M1/HarvestX/test2/test2/install/h6x_packet_handler/include/h6x_packet_handler/rx_packet_base.hpp
[134.435s] -- Installing: /mnt/c/Users/niino/Desktop/M1/HarvestX/test2/test2/install/h6x_packet_handler/include/h6x_packet_handler/tx_ascii_packet.hpp
[134.915s] -- Installing: /mnt/c/Users/niino/Desktop/M1/HarvestX/test2/test2/install/h6x_packet_handler/include/h6x_packet_handler/tx_packet_base.hpp
[135.549s] -- Installing: /mnt/c/Users/niino/Desktop/M1/HarvestX/test2/test2/install/h6x_packet_handler/include/h6x_packet_handler/tx_rx_packet_base.hpp
[135.949s] -- Installing: /mnt/c/Users/niino/Desktop/M1/HarvestX/test2/test2/install/h6x_packet_handler/share/h6x_packet_handler/environment/library_path.sh
[136.291s] -- Installing: /mnt/c/Users/niino/Desktop/M1/HarvestX/test2/test2/install/h6x_packet_handler/share/h6x_packet_handler/environment/library_path.dsv
[136.746s] -- Installing: /mnt/c/Users/niino/Desktop/M1/HarvestX/test2/test2/install/h6x_packet_handler/lib/libh6x_packet_handler.so
[137.232s] -- Installing: /mnt/c/Users/niino/Desktop/M1/HarvestX/test2/test2/install/h6x_packet_handler/share/ament_index/resource_index/package_run_dependencies/h6x_packet_handler
[137.993s] -- Installing: /mnt/c/Users/niino/Desktop/M1/HarvestX/test2/test2/install/h6x_packet_handler/share/ament_index/resource_index/parent_prefix_path/h6x_packet_handler
[138.494s] -- Installing: /mnt/c/Users/niino/Desktop/M1/HarvestX/test2/test2/install/h6x_packet_handler/share/h6x_packet_handler/environment/ament_prefix_path.sh
[138.796s] -- Installing: /mnt/c/Users/niino/Desktop/M1/HarvestX/test2/test2/install/h6x_packet_handler/share/h6x_packet_handler/environment/ament_prefix_path.dsv
[139.093s] -- Installing: /mnt/c/Users/niino/Desktop/M1/HarvestX/test2/test2/install/h6x_packet_handler/share/h6x_packet_handler/environment/path.sh
[139.383s] -- Installing: /mnt/c/Users/niino/Desktop/M1/HarvestX/test2/test2/install/h6x_packet_handler/share/h6x_packet_handler/environment/path.dsv
[139.709s] -- Installing: /mnt/c/Users/niino/Desktop/M1/HarvestX/test2/test2/install/h6x_packet_handler/share/h6x_packet_handler/local_setup.bash
[139.995s] -- Installing: /mnt/c/Users/niino/Desktop/M1/HarvestX/test2/test2/install/h6x_packet_handler/share/h6x_packet_handler/local_setup.sh
[140.274s] -- Installing: /mnt/c/Users/niino/Desktop/M1/HarvestX/test2/test2/install/h6x_packet_handler/share/h6x_packet_handler/local_setup.zsh
[140.645s] -- Installing: /mnt/c/Users/niino/Desktop/M1/HarvestX/test2/test2/install/h6x_packet_handler/share/h6x_packet_handler/local_setup.dsv
[140.977s] -- Installing: /mnt/c/Users/niino/Desktop/M1/HarvestX/test2/test2/install/h6x_packet_handler/share/h6x_packet_handler/package.dsv
[141.491s] -- Installing: /mnt/c/Users/niino/Desktop/M1/HarvestX/test2/test2/install/h6x_packet_handler/share/ament_index/resource_index/packages/h6x_packet_handler
[142.052s] -- Installing: /mnt/c/Users/niino/Desktop/M1/HarvestX/test2/test2/install/h6x_packet_handler/share/h6x_packet_handler/cmake/ament_cmake_export_include_directories-extras.cmake
[142.442s] -- Installing: /mnt/c/Users/niino/Desktop/M1/HarvestX/test2/test2/install/h6x_packet_handler/share/h6x_packet_handler/cmake/ament_cmake_export_libraries-extras.cmake
[142.779s] -- Installing: /mnt/c/Users/niino/Desktop/M1/HarvestX/test2/test2/install/h6x_packet_handler/share/h6x_packet_handler/cmake/h6x_packet_handlerConfig.cmake
[143.077s] -- Installing: /mnt/c/Users/niino/Desktop/M1/HarvestX/test2/test2/install/h6x_packet_handler/share/h6x_packet_handler/cmake/h6x_packet_handlerConfig-version.cmake
[143.403s] -- Installing: /mnt/c/Users/niino/Desktop/M1/HarvestX/test2/test2/install/h6x_packet_handler/share/h6x_packet_handler/package.xml
[143.759s] Invoked command in '/mnt/c/Users/niino/Desktop/M1/HarvestX/test2/test2/build/h6x_packet_handler' returned '0': CMAKE_PREFIX_PATH=${CMAKE_PREFIX_PATH}:/opt/ros/humble /usr/bin/cmake --install /mnt/c/Users/niino/Desktop/M1/HarvestX/test2/test2/build/h6x_packet_handler
